This file contains any messages produced by compilers while
running configure, to aid debugging if configure makes a mistake.

It was created by guvcview configure 1.7.3, which was
generated by GNU Autoconf 2.69.  Invocation command line was

  $ ./configure 

## --------- ##
## Platform. ##
## --------- ##

hostname = ubuntu
uname -m = i686
uname -r = 3.13.0-37-generic
uname -s = Linux
uname -v = #64-Ubuntu SMP Mon Sep 22 21:30:01 UTC 2014

/usr/bin/uname -p = unknown
/bin/uname -X     = unknown

/bin/arch              = unknown
/usr/bin/arch -k       = unknown
/usr/convex/getsysinfo = unknown
/usr/bin/hostinfo      = unknown
/bin/machine           = unknown
/usr/bin/oslevel       = unknown
/bin/universe          = unknown

PATH: /opt/mv_pro_5.0/montavista/pro/devkit/arm/v5t_le/bin
PATH: /opt/mv_pro_5.0/montavista/pro/bin
PATH: /opt/mv_pro_5.0/montavista/common/bin
PATH: /usr/local/sbin
PATH: /usr/local/bin
PATH: /usr/sbin
PATH: /usr/bin
PATH: /sbin
PATH: /bin
PATH: /usr/games
PATH: /usr/local/games


## ----------- ##
## Core tests. ##
## ----------- ##

configure:2258: checking whether make supports nested variables
configure:2275: result: yes
configure:2332: checking for a BSD-compatible install
configure:2400: result: /usr/bin/install -c
configure:2411: checking whether build environment is sane
configure:2466: result: yes
configure:2617: checking for a thread-safe mkdir -p
configure:2656: result: /bin/mkdir -p
configure:2663: checking for gawk
configure:2693: result: no
configure:2663: checking for mawk
configure:2679: found /usr/bin/mawk
configure:2690: result: mawk
configure:2701: checking whether make sets $(MAKE)
configure:2723: result: yes
configure:2859: checking whether to enable maintainer-specific portions of Makefiles
configure:2868: result: no
configure:2938: checking for gcc
configure:2954: found /usr/bin/gcc
configure:2965: result: gcc
configure:3194: checking for C compiler version
configure:3203: gcc --version >&5
gcc (Ubuntu 4.8.2-19ubuntu1) 4.8.2
Copyright (C) 2013 Free Software Foundation, Inc.
This is free software; see the source for copying conditions.  There is NO
warranty; not even for MERCHANTABILITY or FITNESS FOR A PARTICULAR PURPOSE.

configure:3214: $? = 0
configure:3203: gcc -v >&5
Using built-in specs.
COLLECT_GCC=gcc
COLLECT_LTO_WRAPPER=/usr/lib/gcc/i686-linux-gnu/4.8/lto-wrapper
Target: i686-linux-gnu
Configured with: ../src/configure -v --with-pkgversion='Ubuntu 4.8.2-19ubuntu1' --with-bugurl=file:///usr/share/doc/gcc-4.8/README.Bugs --enable-languages=c,c++,java,go,d,fortran,objc,obj-c++ --prefix=/usr --program-suffix=-4.8 --enable-shared --enable-linker-build-id --libexecdir=/usr/lib --without-included-gettext --enable-threads=posix --with-gxx-include-dir=/usr/include/c++/4.8 --libdir=/usr/lib --enable-nls --with-sysroot=/ --enable-clocale=gnu --enable-libstdcxx-debug --enable-libstdcxx-time=yes --enable-gnu-unique-object --disable-libmudflap --enable-plugin --with-system-zlib --disable-browser-plugin --enable-java-awt=gtk --enable-gtk-cairo --with-java-home=/usr/lib/jvm/java-1.5.0-gcj-4.8-i386/jre --enable-java-home --with-jvm-root-dir=/usr/lib/jvm/java-1.5.0-gcj-4.8-i386 --with-jvm-jar-dir=/usr/lib/jvm-exports/java-1.5.0-gcj-4.8-i386 --with-arch-directory=i386 --with-ecj-jar=/usr/share/java/eclipse-ecj.jar --enable-objc-gc --enable-targets=all --enable-multiarch --disable-werror --with-arch-32=i686 --with-multilib-list=m32,m64,mx32 --with-tune=generic --enable-checking=release --build=i686-linux-gnu --host=i686-linux-gnu --target=i686-linux-gnu
Thread model: posix
gcc version 4.8.2 (Ubuntu 4.8.2-19ubuntu1) 
configure:3214: $? = 0
configure:3203: gcc -V >&5
gcc: error: unrecognized command line option '-V'
gcc: fatal error: no input files
compilation terminated.
configure:3214: $? = 4
configure:3203: gcc -qversion >&5
gcc: error: unrecognized command line option '-qversion'
gcc: fatal error: no input files
compilation terminated.
configure:3214: $? = 4
configure:3234: checking whether the C compiler works
configure:3256: gcc    conftest.c  >&5
configure:3260: $? = 0
configure:3308: result: yes
configure:3311: checking for C compiler default output file name
configure:3313: result: a.out
configure:3319: checking for suffix of executables
configure:3326: gcc -o conftest    conftest.c  >&5
configure:3330: $? = 0
configure:3352: result: 
configure:3374: checking whether we are cross compiling
configure:3382: gcc -o conftest    conftest.c  >&5
configure:3386: $? = 0
configure:3393: ./conftest
configure:3397: $? = 0
configure:3412: result: no
configure:3417: checking for suffix of object files
configure:3439: gcc -c   conftest.c >&5
configure:3443: $? = 0
configure:3464: result: o
configure:3468: checking whether we are using the GNU C compiler
configure:3487: gcc -c   conftest.c >&5
configure:3487: $? = 0
configure:3496: result: yes
configure:3505: checking whether gcc accepts -g
configure:3525: gcc -c -g  conftest.c >&5
configure:3525: $? = 0
configure:3566: result: yes
configure:3583: checking for gcc option to accept ISO C89
configure:3646: gcc  -c -g -O2  conftest.c >&5
configure:3646: $? = 0
configure:3659: result: none needed
configure:3684: checking whether gcc understands -c and -o together
configure:3706: gcc -c conftest.c -o conftest2.o
configure:3709: $? = 0
configure:3706: gcc -c conftest.c -o conftest2.o
configure:3709: $? = 0
configure:3721: result: yes
configure:3749: checking for style of include used by make
configure:3777: result: GNU
configure:3803: checking dependency style of gcc
configure:3914: result: gcc3
configure:3936: checking how to run the C preprocessor
configure:3967: gcc -E  conftest.c
configure:3967: $? = 0
configure:3981: gcc -E  conftest.c
conftest.c:11:28: fatal error: ac_nonexistent.h: No such file or directory
 #include <ac_nonexistent.h>
                            ^
compilation terminated.
configure:3981: $? = 1
configure: failed program was:
| /* confdefs.h */
| #define PACKAGE_NAME "guvcview"
| #define PACKAGE_TARNAME "guvcview"
| #define PACKAGE_VERSION "1.7.3"
| #define PACKAGE_STRING "guvcview 1.7.3"
| #define PACKAGE_BUGREPORT "http://guvcview.sourceforge.net/"
| #define PACKAGE_URL ""
| #define PACKAGE "guvcview"
| #define VERSION "1.7.3"
| /* end confdefs.h.  */
| #include <ac_nonexistent.h>
configure:4006: result: gcc -E
configure:4026: gcc -E  conftest.c
configure:4026: $? = 0
configure:4040: gcc -E  conftest.c
conftest.c:11:28: fatal error: ac_nonexistent.h: No such file or directory
 #include <ac_nonexistent.h>
                            ^
compilation terminated.
configure:4040: $? = 1
configure: failed program was:
| /* confdefs.h */
| #define PACKAGE_NAME "guvcview"
| #define PACKAGE_TARNAME "guvcview"
| #define PACKAGE_VERSION "1.7.3"
| #define PACKAGE_STRING "guvcview 1.7.3"
| #define PACKAGE_BUGREPORT "http://guvcview.sourceforge.net/"
| #define PACKAGE_URL ""
| #define PACKAGE "guvcview"
| #define VERSION "1.7.3"
| /* end confdefs.h.  */
| #include <ac_nonexistent.h>
configure:4069: checking for grep that handles long lines and -e
configure:4127: result: /bin/grep
configure:4132: checking for egrep
configure:4194: result: /bin/grep -E
configure:4199: checking for ANSI C header files
configure:4219: gcc -c -g -O2  conftest.c >&5
configure:4219: $? = 0
configure:4292: gcc -o conftest -g -O2   conftest.c  >&5
configure:4292: $? = 0
configure:4292: ./conftest
configure:4292: $? = 0
configure:4303: result: yes
configure:4316: checking build system type
configure:4330: result: i686-pc-linux-gnu
configure:4350: checking host system type
configure:4363: result: i686-pc-linux-gnu
configure:4548: checking for the pthreads library -lpthreads
configure:4581: gcc -o conftest -g -O2    conftest.c -lpthreads  >&5
conftest.c: In function 'main':
conftest.c:17:22: warning: null argument where non-null required (argument 1) [-Wnonnull]
                      pthread_attr_init(0); pthread_cleanup_push(0, 0);
                      ^
conftest.c:18:22: warning: null argument where non-null required (argument 1) [-Wnonnull]
                      pthread_create(0,0,0,0); pthread_cleanup_pop(0);
                      ^
conftest.c:18:22: warning: null argument where non-null required (argument 3) [-Wnonnull]
/usr/bin/ld: cannot find -lpthreads
collect2: error: ld returned 1 exit status
configure:4581: $? = 1
configure: failed program was:
| /* confdefs.h */
| #define PACKAGE_NAME "guvcview"
| #define PACKAGE_TARNAME "guvcview"
| #define PACKAGE_VERSION "1.7.3"
| #define PACKAGE_STRING "guvcview 1.7.3"
| #define PACKAGE_BUGREPORT "http://guvcview.sourceforge.net/"
| #define PACKAGE_URL ""
| #define PACKAGE "guvcview"
| #define VERSION "1.7.3"
| #define STDC_HEADERS 1
| /* end confdefs.h.  */
| #include <pthread.h>
| int
| main ()
| {
| pthread_t th; pthread_join(th, 0);
|                      pthread_attr_init(0); pthread_cleanup_push(0, 0);
|                      pthread_create(0,0,0,0); pthread_cleanup_pop(0);
|   ;
|   return 0;
| }
configure:4590: result: no
configure:4493: checking whether pthreads work without any flags
configure:4581: gcc -o conftest -g -O2    conftest.c   >&5
conftest.c: In function 'main':
conftest.c:17:22: warning: null argument where non-null required (argument 1) [-Wnonnull]
                      pthread_attr_init(0); pthread_cleanup_push(0, 0);
                      ^
conftest.c:18:22: warning: null argument where non-null required (argument 1) [-Wnonnull]
                      pthread_create(0,0,0,0); pthread_cleanup_pop(0);
                      ^
conftest.c:18:22: warning: null argument where non-null required (argument 3) [-Wnonnull]
/tmp/ccTmlHgU.o: In function `main':
/work/guvcview/conftest.c:16: undefined reference to `pthread_join'
/work/guvcview/conftest.c:17: undefined reference to `__pthread_register_cancel'
/work/guvcview/conftest.c:18: undefined reference to `pthread_create'
/work/guvcview/conftest.c:18: undefined reference to `__pthread_unregister_cancel'
collect2: error: ld returned 1 exit status
configure:4581: $? = 1
configure: failed program was:
| /* confdefs.h */
| #define PACKAGE_NAME "guvcview"
| #define PACKAGE_TARNAME "guvcview"
| #define PACKAGE_VERSION "1.7.3"
| #define PACKAGE_STRING "guvcview 1.7.3"
| #define PACKAGE_BUGREPORT "http://guvcview.sourceforge.net/"
| #define PACKAGE_URL ""
| #define PACKAGE "guvcview"
| #define VERSION "1.7.3"
| #define STDC_HEADERS 1
| /* end confdefs.h.  */
| #include <pthread.h>
| int
| main ()
| {
| pthread_t th; pthread_join(th, 0);
|                      pthread_attr_init(0); pthread_cleanup_push(0, 0);
|                      pthread_create(0,0,0,0); pthread_cleanup_pop(0);
|   ;
|   return 0;
| }
configure:4590: result: no
configure:4498: checking whether pthreads work with -Kthread
configure:4581: gcc -o conftest -g -O2 -Kthread   conftest.c   >&5
gcc: error: unrecognized command line option '-Kthread'
configure:4581: $? = 1
configure: failed program was:
| /* confdefs.h */
| #define PACKAGE_NAME "guvcview"
| #define PACKAGE_TARNAME "guvcview"
| #define PACKAGE_VERSION "1.7.3"
| #define PACKAGE_STRING "guvcview 1.7.3"
| #define PACKAGE_BUGREPORT "http://guvcview.sourceforge.net/"
| #define PACKAGE_URL ""
| #define PACKAGE "guvcview"
| #define VERSION "1.7.3"
| #define STDC_HEADERS 1
| /* end confdefs.h.  */
| #include <pthread.h>
| int
| main ()
| {
| pthread_t th; pthread_join(th, 0);
|                      pthread_attr_init(0); pthread_cleanup_push(0, 0);
|                      pthread_create(0,0,0,0); pthread_cleanup_pop(0);
|   ;
|   return 0;
| }
configure:4590: result: no
configure:4498: checking whether pthreads work with -kthread
configure:4581: gcc -o conftest -g -O2 -kthread   conftest.c   >&5
gcc: error: unrecognized command line option '-kthread'
configure:4581: $? = 1
configure: failed program was:
| /* confdefs.h */
| #define PACKAGE_NAME "guvcview"
| #define PACKAGE_TARNAME "guvcview"
| #define PACKAGE_VERSION "1.7.3"
| #define PACKAGE_STRING "guvcview 1.7.3"
| #define PACKAGE_BUGREPORT "http://guvcview.sourceforge.net/"
| #define PACKAGE_URL ""
| #define PACKAGE "guvcview"
| #define VERSION "1.7.3"
| #define STDC_HEADERS 1
| /* end confdefs.h.  */
| #include <pthread.h>
| int
| main ()
| {
| pthread_t th; pthread_join(th, 0);
|                      pthread_attr_init(0); pthread_cleanup_push(0, 0);
|                      pthread_create(0,0,0,0); pthread_cleanup_pop(0);
|   ;
|   return 0;
| }
configure:4590: result: no
configure:4548: checking for the pthreads library -llthread
configure:4581: gcc -o conftest -g -O2    conftest.c -llthread  >&5
conftest.c: In function 'main':
conftest.c:17:22: warning: null argument where non-null required (argument 1) [-Wnonnull]
                      pthread_attr_init(0); pthread_cleanup_push(0, 0);
                      ^
conftest.c:18:22: warning: null argument where non-null required (argument 1) [-Wnonnull]
                      pthread_create(0,0,0,0); pthread_cleanup_pop(0);
                      ^
conftest.c:18:22: warning: null argument where non-null required (argument 3) [-Wnonnull]
/usr/bin/ld: cannot find -llthread
collect2: error: ld returned 1 exit status
configure:4581: $? = 1
configure: failed program was:
| /* confdefs.h */
| #define PACKAGE_NAME "guvcview"
| #define PACKAGE_TARNAME "guvcview"
| #define PACKAGE_VERSION "1.7.3"
| #define PACKAGE_STRING "guvcview 1.7.3"
| #define PACKAGE_BUGREPORT "http://guvcview.sourceforge.net/"
| #define PACKAGE_URL ""
| #define PACKAGE "guvcview"
| #define VERSION "1.7.3"
| #define STDC_HEADERS 1
| /* end confdefs.h.  */
| #include <pthread.h>
| int
| main ()
| {
| pthread_t th; pthread_join(th, 0);
|                      pthread_attr_init(0); pthread_cleanup_push(0, 0);
|                      pthread_create(0,0,0,0); pthread_cleanup_pop(0);
|   ;
|   return 0;
| }
configure:4590: result: no
configure:4498: checking whether pthreads work with -pthread
configure:4581: gcc -o conftest -g -O2 -pthread   conftest.c   >&5
conftest.c: In function 'main':
conftest.c:17:22: warning: null argument where non-null required (argument 1) [-Wnonnull]
                      pthread_attr_init(0); pthread_cleanup_push(0, 0);
                      ^
conftest.c:18:22: warning: null argument where non-null required (argument 1) [-Wnonnull]
                      pthread_create(0,0,0,0); pthread_cleanup_pop(0);
                      ^
conftest.c:18:22: warning: null argument where non-null required (argument 3) [-Wnonnull]
configure:4581: $? = 0
configure:4590: result: yes
configure:4609: checking for joinable pthread attribute
configure:4624: gcc -o conftest -g -O2 -pthread   conftest.c   >&5
configure:4624: $? = 0
configure:4630: result: PTHREAD_CREATE_JOINABLE
configure:4640: checking if more special flags are required for pthreads
configure:4647: result: no
configure:4738: checking if you specifically want to enable debug-code -g
configure:4748: result: no
configure:4771: checking whether NLS is requested
configure:4780: result: yes
configure:4795: checking for intltool >= 0.40
configure:4802: result: 0.50.2 found
configure:4810: checking for intltool-update
configure:4828: found /usr/bin/intltool-update
configure:4840: result: /usr/bin/intltool-update
configure:4850: checking for intltool-merge
configure:4868: found /usr/bin/intltool-merge
configure:4880: result: /usr/bin/intltool-merge
configure:4890: checking for intltool-extract
configure:4908: found /usr/bin/intltool-extract
configure:4920: result: /usr/bin/intltool-extract
configure:5051: checking for xgettext
configure:5069: found /opt/mv_pro_5.0/montavista/common/bin/xgettext
configure:5081: result: /opt/mv_pro_5.0/montavista/common/bin/xgettext
configure:5091: checking for msgmerge
configure:5109: found /opt/mv_pro_5.0/montavista/common/bin/msgmerge
configure:5121: result: /opt/mv_pro_5.0/montavista/common/bin/msgmerge
configure:5131: checking for msgfmt
configure:5149: found /opt/mv_pro_5.0/montavista/common/bin/msgfmt
configure:5161: result: /opt/mv_pro_5.0/montavista/common/bin/msgfmt
configure:5171: checking for gmsgfmt
configure:5202: result: /opt/mv_pro_5.0/montavista/common/bin/msgfmt
configure:5222: checking for perl
configure:5240: found /usr/bin/perl
configure:5252: result: /usr/bin/perl
configure:5263: checking for perl >= 5.8.1
configure:5270: result: 5.18.2
configure:5274: checking for XML::Parser
configure:5277: result: ok
configure:5302: gcc -o conftest -g -O2   conftest.c  >&5
configure:5302: $? = 0
configure:5335: checking for sys/types.h
configure:5335: gcc -c -g -O2  conftest.c >&5
configure:5335: $? = 0
configure:5335: result: yes
configure:5335: checking for sys/stat.h
configure:5335: gcc -c -g -O2  conftest.c >&5
configure:5335: $? = 0
configure:5335: result: yes
configure:5335: checking for stdlib.h
configure:5335: gcc -c -g -O2  conftest.c >&5
configure:5335: $? = 0
configure:5335: result: yes
configure:5335: checking for string.h
configure:5335: gcc -c -g -O2  conftest.c >&5
configure:5335: $? = 0
configure:5335: result: yes
configure:5335: checking for memory.h
configure:5335: gcc -c -g -O2  conftest.c >&5
configure:5335: $? = 0
configure:5335: result: yes
configure:5335: checking for strings.h
configure:5335: gcc -c -g -O2  conftest.c >&5
configure:5335: $? = 0
configure:5335: result: yes
configure:5335: checking for inttypes.h
configure:5335: gcc -c -g -O2  conftest.c >&5
configure:5335: $? = 0
configure:5335: result: yes
configure:5335: checking for stdint.h
configure:5335: gcc -c -g -O2  conftest.c >&5
configure:5335: $? = 0
configure:5335: result: yes
configure:5335: checking for unistd.h
configure:5335: gcc -c -g -O2  conftest.c >&5
configure:5335: $? = 0
configure:5335: result: yes
configure:5350: checking locale.h usability
configure:5350: gcc -c -g -O2  conftest.c >&5
configure:5350: $? = 0
configure:5350: result: yes
configure:5350: checking locale.h presence
configure:5350: gcc -E  conftest.c
configure:5350: $? = 0
configure:5350: result: yes
configure:5350: checking for locale.h
configure:5350: result: yes
configure:5361: checking for LC_MESSAGES
configure:5377: gcc -o conftest -g -O2   conftest.c  >&5
configure:5377: $? = 0
configure:5385: result: yes
configure:5402: checking libintl.h usability
configure:5402: gcc -c -g -O2  conftest.c >&5
configure:5402: $? = 0
configure:5402: result: yes
configure:5402: checking libintl.h presence
configure:5402: gcc -E  conftest.c
configure:5402: $? = 0
configure:5402: result: yes
configure:5402: checking for libintl.h
configure:5402: result: yes
configure:5410: checking for ngettext in libc
configure:5428: gcc -o conftest -g -O2   conftest.c  >&5
configure:5428: $? = 0
configure:5437: result: yes
configure:5441: checking for dgettext in libc
configure:5459: gcc -o conftest -g -O2   conftest.c  >&5
configure:5459: $? = 0
configure:5468: result: yes
configure:5475: checking for bind_textdomain_codeset
configure:5475: gcc -o conftest -g -O2   conftest.c  >&5
configure:5475: $? = 0
configure:5475: result: yes
configure:5751: checking for msgfmt
configure:5778: result: /opt/mv_pro_5.0/montavista/common/bin/msgfmt
configure:5789: checking for dcgettext
configure:5789: gcc -o conftest -g -O2   conftest.c   >&5
conftest.c:50:6: warning: conflicting types for built-in function 'dcgettext' [enabled by default]
 char dcgettext ();
      ^
configure:5789: $? = 0
configure:5789: result: yes
configure:5799: checking if msgfmt accepts -c
configure:5814: $MSGFMT -c -o /dev/null conftest.foo
configure:5817: $? = 0
configure:5819: result: yes
configure:5829: checking for gmsgfmt
configure:5860: result: /opt/mv_pro_5.0/montavista/common/bin/msgfmt
configure:5870: checking for xgettext
configure:5897: result: /opt/mv_pro_5.0/montavista/common/bin/xgettext
configure:5916: gcc -o conftest -g -O2   conftest.c   >&5
configure:5916: $? = 0
configure:5998: checking for catalogs to be installed
configure:6023: result:  bg bs cs da de en_AU es eu fo fr gl he hr it ja lv nl pl pt pt_BR ru si sr tr uk zh_TW
configure:6110: checking for pkg-config
configure:6128: found /opt/mv_pro_5.0/montavista/pro/bin/pkg-config
configure:6140: result: /opt/mv_pro_5.0/montavista/pro/bin/pkg-config
configure:6165: checking pkg-config is at least version 0.9.0
configure:6168: result: yes
configure:6178: checking for DEPS
configure:6185: $PKG_CONFIG --exists --print-errors "gtk+-3.0 >= 3.0.0 glib-2.0 >= 2.10.0 sdl >= 1.2.10 portaudio-2.0 libpng libavcodec libavutil libv4l2 libudev libusb-1.0"
Package gtk+-3.0 was not found in the pkg-config search path.
Perhaps you should add the directory containing `gtk+-3.0.pc'
to the PKG_CONFIG_PATH environment variable
No package 'gtk+-3.0' found
configure:6188: $? = 1
configure:6202: $PKG_CONFIG --exists --print-errors "gtk+-3.0 >= 3.0.0 glib-2.0 >= 2.10.0 sdl >= 1.2.10 portaudio-2.0 libpng libavcodec libavutil libv4l2 libudev libusb-1.0"
Package gtk+-3.0 was not found in the pkg-config search path.
Perhaps you should add the directory containing `gtk+-3.0.pc'
to the PKG_CONFIG_PATH environment variable
No package 'gtk+-3.0' found
configure:6205: $? = 1
configure:6219: result: no
Package gtk+-3.0 was not found in the pkg-config search path.
Perhaps you should add the directory containing `gtk+-3.0.pc'
to the PKG_CONFIG_PATH environment variable
No package 'gtk+-3.0' found
configure:6235: error: Package requirements (gtk+-3.0 >= 3.0.0 glib-2.0 >= 2.10.0 sdl >= 1.2.10 portaudio-2.0 libpng libavcodec libavutil libv4l2 libudev libusb-1.0) were not met:

Package gtk+-3.0 was not found in the pkg-config search path.
Perhaps you should add the directory containing `gtk+-3.0.pc'
to the PKG_CONFIG_PATH environment variable
No package 'gtk+-3.0' found

Consider adjusting the PKG_CONFIG_PATH environment variable if you
installed software in a non-standard prefix.

Alternatively, you may set the environment variables DEPS_CFLAGS
and DEPS_LIBS to avoid the need to call pkg-config.
See the pkg-config man page for more details.

## ---------------- ##
## Cache variables. ##
## ---------------- ##

ac_cv_build=i686-pc-linux-gnu
ac_cv_c_compiler_gnu=yes
ac_cv_env_CC_set=
ac_cv_env_CC_value=
ac_cv_env_CFLAGS_set=
ac_cv_env_CFLAGS_value=
ac_cv_env_CPPFLAGS_set=
ac_cv_env_CPPFLAGS_value=
ac_cv_env_CPP_set=
ac_cv_env_CPP_value=
ac_cv_env_DEPS_CFLAGS_set=
ac_cv_env_DEPS_CFLAGS_value=
ac_cv_env_DEPS_LIBS_set=
ac_cv_env_DEPS_LIBS_value=
ac_cv_env_LDFLAGS_set=
ac_cv_env_LDFLAGS_value=
ac_cv_env_LIBS_set=
ac_cv_env_LIBS_value=
ac_cv_env_PKG_CONFIG_LIBDIR_set=
ac_cv_env_PKG_CONFIG_LIBDIR_value=
ac_cv_env_PKG_CONFIG_PATH_set=
ac_cv_env_PKG_CONFIG_PATH_value=
ac_cv_env_PKG_CONFIG_set=
ac_cv_env_PKG_CONFIG_value=
ac_cv_env_PULSE_CFLAGS_set=
ac_cv_env_PULSE_CFLAGS_value=
ac_cv_env_PULSE_LIBS_set=
ac_cv_env_PULSE_LIBS_value=
ac_cv_env_build_alias_set=
ac_cv_env_build_alias_value=
ac_cv_env_host_alias_set=
ac_cv_env_host_alias_value=
ac_cv_env_target_alias_set=
ac_cv_env_target_alias_value=
ac_cv_func_bind_textdomain_codeset=yes
ac_cv_func_dcgettext=yes
ac_cv_header_inttypes_h=yes
ac_cv_header_libintl_h=yes
ac_cv_header_locale_h=yes
ac_cv_header_memory_h=yes
ac_cv_header_stdc=yes
ac_cv_header_stdint_h=yes
ac_cv_header_stdlib_h=yes
ac_cv_header_string_h=yes
ac_cv_header_strings_h=yes
ac_cv_header_sys_stat_h=yes
ac_cv_header_sys_types_h=yes
ac_cv_header_unistd_h=yes
ac_cv_host=i686-pc-linux-gnu
ac_cv_objext=o
ac_cv_path_EGREP='/bin/grep -E'
ac_cv_path_GMSGFMT=/opt/mv_pro_5.0/montavista/common/bin/msgfmt
ac_cv_path_GREP=/bin/grep
ac_cv_path_INTLTOOL_EXTRACT=/usr/bin/intltool-extract
ac_cv_path_INTLTOOL_MERGE=/usr/bin/intltool-merge
ac_cv_path_INTLTOOL_PERL=/usr/bin/perl
ac_cv_path_INTLTOOL_UPDATE=/usr/bin/intltool-update
ac_cv_path_MSGFMT=/opt/mv_pro_5.0/montavista/common/bin/msgfmt
ac_cv_path_MSGMERGE=/opt/mv_pro_5.0/montavista/common/bin/msgmerge
ac_cv_path_XGETTEXT=/opt/mv_pro_5.0/montavista/common/bin/xgettext
ac_cv_path_ac_pt_PKG_CONFIG=/opt/mv_pro_5.0/montavista/pro/bin/pkg-config
ac_cv_path_install='/usr/bin/install -c'
ac_cv_path_mkdir=/bin/mkdir
ac_cv_prog_AWK=mawk
ac_cv_prog_CPP='gcc -E'
ac_cv_prog_ac_ct_CC=gcc
ac_cv_prog_cc_c89=
ac_cv_prog_cc_g=yes
ac_cv_prog_make_make_set=yes
am_cv_CC_dependencies_compiler_type=gcc3
am_cv_make_support_nested_variables=yes
am_cv_prog_cc_c_o=yes
am_cv_val_LC_MESSAGES=yes
gt_cv_func_dgettext_libc=yes
gt_cv_func_dgettext_libintl=no
gt_cv_func_ngettext_libc=yes
gt_cv_have_gettext=yes

## ----------------- ##
## Output variables. ##
## ----------------- ##

ACLOCAL='${SHELL} /work/guvcview/missing aclocal-1.14'
ALL_LINGUAS='bg bs cs da de en_AU es eu fo fr gl he hr it ja lv nl pl pt pt_BR ru si sr tr uk zh_TW'
AMDEPBACKSLASH='\'
AMDEP_FALSE='#'
AMDEP_TRUE=''
AMTAR='$${TAR-tar}'
AM_BACKSLASH='\'
AM_DEFAULT_V='$(AM_DEFAULT_VERBOSITY)'
AM_DEFAULT_VERBOSITY='0'
AM_V='$(V)'
AUTOCONF='${SHELL} /work/guvcview/missing autoconf'
AUTOHEADER='${SHELL} /work/guvcview/missing autoheader'
AUTOMAKE='${SHELL} /work/guvcview/missing automake-1.14'
AWK='mawk'
CATALOGS=' bg.gmo bs.gmo cs.gmo da.gmo de.gmo en_AU.gmo es.gmo eu.gmo fo.gmo fr.gmo gl.gmo he.gmo hr.gmo it.gmo ja.gmo lv.gmo nl.gmo pl.gmo pt.gmo pt_BR.gmo ru.gmo si.gmo sr.gmo tr.gmo uk.gmo zh_TW.gmo'
CATOBJEXT='.gmo'
CC='gcc'
CCDEPMODE='depmode=gcc3'
CFLAGS='-g -O2'
CPP='gcc -E'
CPPFLAGS=''
CYGPATH_W='echo'
DATADIRNAME='share'
DEBIAN_MENU_FALSE=''
DEBIAN_MENU_TRUE=''
DEFS=''
DEPDIR='.deps'
DEPS_CFLAGS=''
DEPS_LIBS=''
DESKTOP_FALSE=''
DESKTOP_TRUE=''
ECHO_C=''
ECHO_N='-n'
ECHO_T=''
EGREP='/bin/grep -E'
EXEEXT=''
GETTEXT_PACKAGE='guvcview'
GMOFILES=' bg.gmo bs.gmo cs.gmo da.gmo de.gmo en_AU.gmo es.gmo eu.gmo fo.gmo fr.gmo gl.gmo he.gmo hr.gmo it.gmo ja.gmo lv.gmo nl.gmo pl.gmo pt.gmo pt_BR.gmo ru.gmo si.gmo sr.gmo tr.gmo uk.gmo zh_TW.gmo'
GMSGFMT='/opt/mv_pro_5.0/montavista/common/bin/msgfmt'
GREP='/bin/grep'
INSTALL_DATA='${INSTALL} -m 644'
INSTALL_PROGRAM='${INSTALL}'
INSTALL_SCRIPT='${INSTALL}'
INSTALL_STRIP_PROGRAM='$(install_sh) -c -s'
INSTOBJEXT='.mo'
INTLLIBS=''
INTLTOOL_CAVES_RULE='%.caves:     %.caves.in     $(INTLTOOL_MERGE) $(wildcard $(top_srcdir)/po/*.po) ; LC_ALL=C $(INTLTOOL_MERGE) -d -u -c $(top_builddir)/po/.intltool-merge-cache $(top_srcdir)/po $< $@'
INTLTOOL_DESKTOP_RULE='%.desktop:   %.desktop.in   $(INTLTOOL_MERGE) $(wildcard $(top_srcdir)/po/*.po) ; LC_ALL=C $(INTLTOOL_MERGE) -d -u -c $(top_builddir)/po/.intltool-merge-cache $(top_srcdir)/po $< $@'
INTLTOOL_DIRECTORY_RULE='%.directory: %.directory.in $(INTLTOOL_MERGE) $(wildcard $(top_srcdir)/po/*.po) ; LC_ALL=C $(INTLTOOL_MERGE) -d -u -c $(top_builddir)/po/.intltool-merge-cache $(top_srcdir)/po $< $@'
INTLTOOL_EXTRACT='/usr/bin/intltool-extract'
INTLTOOL_KBD_RULE='%.kbd:       %.kbd.in       $(INTLTOOL_MERGE) $(wildcard $(top_srcdir)/po/*.po) ; LC_ALL=C $(INTLTOOL_MERGE) -x -u -m -c $(top_builddir)/po/.intltool-merge-cache $(top_srcdir)/po $< $@'
INTLTOOL_KEYS_RULE='%.keys:      %.keys.in      $(INTLTOOL_MERGE) $(wildcard $(top_srcdir)/po/*.po) ; LC_ALL=C $(INTLTOOL_MERGE) -k -u -c $(top_builddir)/po/.intltool-merge-cache $(top_srcdir)/po $< $@'
INTLTOOL_MERGE='/usr/bin/intltool-merge'
INTLTOOL_OAF_RULE='%.oaf:       %.oaf.in       $(INTLTOOL_MERGE) $(wildcard $(top_srcdir)/po/*.po) ; LC_ALL=C $(INTLTOOL_MERGE) -o -p $(top_srcdir)/po $< $@'
INTLTOOL_PERL='/usr/bin/perl'
INTLTOOL_POLICY_RULE='%.policy:    %.policy.in    $(INTLTOOL_MERGE) $(wildcard $(top_srcdir)/po/*.po) ; LC_ALL=C $(INTLTOOL_MERGE) -x -u -c $(top_builddir)/po/.intltool-merge-cache $(top_srcdir)/po $< $@'
INTLTOOL_PONG_RULE='%.pong:      %.pong.in      $(INTLTOOL_MERGE) $(wildcard $(top_srcdir)/po/*.po) ; LC_ALL=C $(INTLTOOL_MERGE) -x -u -c $(top_builddir)/po/.intltool-merge-cache $(top_srcdir)/po $< $@'
INTLTOOL_PROP_RULE='%.prop:      %.prop.in      $(INTLTOOL_MERGE) $(wildcard $(top_srcdir)/po/*.po) ; LC_ALL=C $(INTLTOOL_MERGE) -d -u -c $(top_builddir)/po/.intltool-merge-cache $(top_srcdir)/po $< $@'
INTLTOOL_SCHEMAS_RULE='%.schemas:   %.schemas.in   $(INTLTOOL_MERGE) $(wildcard $(top_srcdir)/po/*.po) ; LC_ALL=C $(INTLTOOL_MERGE) -s -u -c $(top_builddir)/po/.intltool-merge-cache $(top_srcdir)/po $< $@'
INTLTOOL_SERVER_RULE='%.server:    %.server.in    $(INTLTOOL_MERGE) $(wildcard $(top_srcdir)/po/*.po) ; LC_ALL=C $(INTLTOOL_MERGE) -o -u -c $(top_builddir)/po/.intltool-merge-cache $(top_srcdir)/po $< $@'
INTLTOOL_SERVICE_RULE='%.service: %.service.in   $(INTLTOOL_MERGE) $(wildcard $(top_srcdir)/po/*.po) ; LC_ALL=C $(INTLTOOL_MERGE) -d -u -c $(top_builddir)/po/.intltool-merge-cache $(top_srcdir)/po $< $@'
INTLTOOL_SHEET_RULE='%.sheet:     %.sheet.in     $(INTLTOOL_MERGE) $(wildcard $(top_srcdir)/po/*.po) ; LC_ALL=C $(INTLTOOL_MERGE) -x -u -c $(top_builddir)/po/.intltool-merge-cache $(top_srcdir)/po $< $@'
INTLTOOL_SOUNDLIST_RULE='%.soundlist: %.soundlist.in $(INTLTOOL_MERGE) $(wildcard $(top_srcdir)/po/*.po) ; LC_ALL=C $(INTLTOOL_MERGE) -d -u -c $(top_builddir)/po/.intltool-merge-cache $(top_srcdir)/po $< $@'
INTLTOOL_THEME_RULE='%.theme:     %.theme.in     $(INTLTOOL_MERGE) $(wildcard $(top_srcdir)/po/*.po) ; LC_ALL=C $(INTLTOOL_MERGE) -d -u -c $(top_builddir)/po/.intltool-merge-cache $(top_srcdir)/po $< $@'
INTLTOOL_UI_RULE='%.ui:        %.ui.in        $(INTLTOOL_MERGE) $(wildcard $(top_srcdir)/po/*.po) ; LC_ALL=C $(INTLTOOL_MERGE) -x -u -c $(top_builddir)/po/.intltool-merge-cache $(top_srcdir)/po $< $@'
INTLTOOL_UPDATE='/usr/bin/intltool-update'
INTLTOOL_XAM_RULE='%.xam:       %.xml.in       $(INTLTOOL_MERGE) $(wildcard $(top_srcdir)/po/*.po) ; LC_ALL=C $(INTLTOOL_MERGE) -x -u -c $(top_builddir)/po/.intltool-merge-cache $(top_srcdir)/po $< $@'
INTLTOOL_XML_NOMERGE_RULE='%.xml:       %.xml.in       $(INTLTOOL_MERGE) ; LC_ALL=C $(INTLTOOL_MERGE) -x -u /tmp $< $@'
INTLTOOL_XML_RULE='%.xml:       %.xml.in       $(INTLTOOL_MERGE) $(wildcard $(top_srcdir)/po/*.po) ; LC_ALL=C $(INTLTOOL_MERGE) -x -u -c $(top_builddir)/po/.intltool-merge-cache $(top_srcdir)/po $< $@'
LDFLAGS=''
LIBOBJS=''
LIBS=''
LTLIBOBJS=''
MAINT='#'
MAINTAINER_MODE_FALSE=''
MAINTAINER_MODE_TRUE='#'
MAKEINFO='${SHELL} /work/guvcview/missing makeinfo'
MKDIR_P='/bin/mkdir -p'
MKINSTALLDIRS='./mkinstalldirs'
MSGFMT='/opt/mv_pro_5.0/montavista/common/bin/msgfmt'
MSGFMT_OPTS='-c'
MSGMERGE='/opt/mv_pro_5.0/montavista/common/bin/msgmerge'
OBJEXT='o'
PACKAGE='guvcview'
PACKAGE_BUGREPORT='http://guvcview.sourceforge.net/'
PACKAGE_NAME='guvcview'
PACKAGE_STRING='guvcview 1.7.3'
PACKAGE_TARNAME='guvcview'
PACKAGE_URL=''
PACKAGE_VERSION='1.7.3'
PATH_SEPARATOR=':'
PKG_CONFIG='/opt/mv_pro_5.0/montavista/pro/bin/pkg-config'
PKG_CONFIG_LIBDIR=''
PKG_CONFIG_PATH=''
POFILES=' bg.po bs.po cs.po da.po de.po en_AU.po es.po eu.po fo.po fr.po gl.po he.po hr.po it.po ja.po lv.po nl.po pl.po pt.po pt_BR.po ru.po si.po sr.po tr.po uk.po zh_TW.po'
POSUB='po'
PO_IN_DATADIR_FALSE=''
PO_IN_DATADIR_TRUE=''
PTHREAD_CC='gcc'
PTHREAD_CFLAGS='-pthread'
PTHREAD_LIBS=''
PULSE_CFLAGS=''
PULSE_LIBS=''
SET_MAKE=''
SHELL='/bin/bash'
STRIP=''
USE_NLS='yes'
VERSION='1.7.3'
XGETTEXT='/opt/mv_pro_5.0/montavista/common/bin/xgettext'
ac_ct_CC='gcc'
acx_pthread_config=''
am__EXEEXT_FALSE=''
am__EXEEXT_TRUE=''
am__fastdepCC_FALSE='#'
am__fastdepCC_TRUE=''
am__include='include'
am__isrc=''
am__leading_dot='.'
am__nodep='_no'
am__quote=''
am__tar='$${TAR-tar} chof - "$$tardir"'
am__untar='$${TAR-tar} xf -'
bindir='${exec_prefix}/bin'
build='i686-pc-linux-gnu'
build_alias=''
build_cpu='i686'
build_os='linux-gnu'
build_vendor='pc'
datadir='${datarootdir}'
datarootdir='${prefix}/share'
docdir='${datarootdir}/doc/${PACKAGE_TARNAME}'
dvidir='${docdir}'
exec_prefix='NONE'
host='i686-pc-linux-gnu'
host_alias=''
host_cpu='i686'
host_os='linux-gnu'
host_vendor='pc'
htmldir='${docdir}'
includedir='${prefix}/include'
infodir='${datarootdir}/info'
install_sh='${SHELL} /work/guvcview/install-sh'
libdir='${exec_prefix}/lib'
libexecdir='${exec_prefix}/libexec'
localedir='${datarootdir}/locale'
localstatedir='${prefix}/var'
mandir='${datarootdir}/man'
mkdir_p='$(MKDIR_P)'
oldincludedir='/usr/include'
pdfdir='${docdir}'
prefix='NONE'
program_transform_name='s,x,x,'
psdir='${docdir}'
sbindir='${exec_prefix}/sbin'
sharedstatedir='${prefix}/com'
sysconfdir='${prefix}/etc'
target_alias=''

## ----------- ##
## confdefs.h. ##
## ----------- ##

/* confdefs.h */
#define PACKAGE_NAME "guvcview"
#define PACKAGE_TARNAME "guvcview"
#define PACKAGE_VERSION "1.7.3"
#define PACKAGE_STRING "guvcview 1.7.3"
#define PACKAGE_BUGREPORT "http://guvcview.sourceforge.net/"
#define PACKAGE_URL ""
#define PACKAGE "guvcview"
#define VERSION "1.7.3"
#define STDC_HEADERS 1
#define HAVE_PTHREAD 1
#define GETTEXT_PACKAGE "guvcview"
#define HAVE_SYS_TYPES_H 1
#define HAVE_SYS_STAT_H 1
#define HAVE_STDLIB_H 1
#define HAVE_STRING_H 1
#define HAVE_MEMORY_H 1
#define HAVE_STRINGS_H 1
#define HAVE_INTTYPES_H 1
#define HAVE_STDINT_H 1
#define HAVE_UNISTD_H 1
#define HAVE_LOCALE_H 1
#define HAVE_LC_MESSAGES 1
#define HAVE_BIND_TEXTDOMAIN_CODESET 1
#define HAVE_GETTEXT 1
#define HAVE_DCGETTEXT 1
#define ENABLE_NLS 1

configure: exit 1
